2025-01-10 15:54:45 info: User registered successfully: 6780f56c4ee35c6cb8a4a2f9
2025-01-10 15:55:15 info: User logged in successfully: 6780f56c4ee35c6cb8a4a2f9
2025-01-10 15:56:12 info: User logged in successfully: 6780f56c4ee35c6cb8a4a2f9
2025-01-10 15:57:37 info: User logged in successfully: 6780f56c4ee35c6cb8a4a2f9
2025-01-10 15:58:16 info: User logged in successfully: 6780f56c4ee35c6cb8a4a2f9
2025-01-10 15:58:42 info: User logged in successfully: 6780f56c4ee35c6cb8a4a2f9
2025-01-10 15:59:05 info: User logged in successfully: 6780f56c4ee35c6cb8a4a2f9
2025-01-10 16:00:02 info: User registered successfully: 6780f6aa4ee35c6cb8a4a302
2025-01-10 16:04:27 info: User logged in successfully: 6780f6aa4ee35c6cb8a4a302
2025-01-10 16:04:44 info: User logged in successfully: 6780f6aa4ee35c6cb8a4a302
2025-01-10 16:05:31 info: User logged in successfully: 6780f6aa4ee35c6cb8a4a302
2025-01-10 16:08:27 info: User logged in successfully: 6780f56c4ee35c6cb8a4a2f9
2025-01-10 16:09:43 info: User logged in successfully: 6780f56c4ee35c6cb8a4a2f9
2025-01-10 16:11:18 info: User logged in successfully: 6780f6aa4ee35c6cb8a4a302
2025-01-10 16:11:39 error: CustomError: Invalid authentication
    at authenticate (/home/nakshatra/Desktop/NEECOP_ASSIGNMENT/Backend/src/middlewares/auth.middleware.ts:21:13)
    at Layer.handle [as handle_request] (/home/nakshatra/Desktop/NEECOP_ASSIGNMENT/Backend/node_modules/express/lib/router/layer.js:95:5)
    at next (/home/nakshatra/Desktop/NEECOP_ASSIGNMENT/Backend/node_modules/express/lib/router/route.js:149:13)
    at Route.dispatch (/home/nakshatra/Desktop/NEECOP_ASSIGNMENT/Backend/node_modules/express/lib/router/route.js:119:3)
    at Layer.handle [as handle_request] (/home/nakshatra/Desktop/NEECOP_ASSIGNMENT/Backend/node_modules/express/lib/router/layer.js:95:5)
    at /home/nakshatra/Desktop/NEECOP_ASSIGNMENT/Backend/node_modules/express/lib/router/index.js:284:15
    at Function.process_params (/home/nakshatra/Desktop/NEECOP_ASSIGNMENT/Backend/node_modules/express/lib/router/index.js:346:12)
    at next (/home/nakshatra/Desktop/NEECOP_ASSIGNMENT/Backend/node_modules/express/lib/router/index.js:280:10)
    at Function.handle (/home/nakshatra/Desktop/NEECOP_ASSIGNMENT/Backend/node_modules/express/lib/router/index.js:175:3)
    at router (/home/nakshatra/Desktop/NEECOP_ASSIGNMENT/Backend/node_modules/express/lib/router/index.js:47:12)
2025-01-10 16:12:48 info: User logged in successfully: 6780f6aa4ee35c6cb8a4a302
2025-01-10 16:14:51 error: CustomError: Invalid authentication
    at authenticate (/home/nakshatra/Desktop/NEECOP_ASSIGNMENT/Backend/src/middlewares/auth.middleware.ts:21:13)
    at Layer.handle [as handle_request] (/home/nakshatra/Desktop/NEECOP_ASSIGNMENT/Backend/node_modules/express/lib/router/layer.js:95:5)
    at next (/home/nakshatra/Desktop/NEECOP_ASSIGNMENT/Backend/node_modules/express/lib/router/route.js:149:13)
    at Route.dispatch (/home/nakshatra/Desktop/NEECOP_ASSIGNMENT/Backend/node_modules/express/lib/router/route.js:119:3)
    at Layer.handle [as handle_request] (/home/nakshatra/Desktop/NEECOP_ASSIGNMENT/Backend/node_modules/express/lib/router/layer.js:95:5)
    at /home/nakshatra/Desktop/NEECOP_ASSIGNMENT/Backend/node_modules/express/lib/router/index.js:284:15
    at Function.process_params (/home/nakshatra/Desktop/NEECOP_ASSIGNMENT/Backend/node_modules/express/lib/router/index.js:346:12)
    at next (/home/nakshatra/Desktop/NEECOP_ASSIGNMENT/Backend/node_modules/express/lib/router/index.js:280:10)
    at Function.handle (/home/nakshatra/Desktop/NEECOP_ASSIGNMENT/Backend/node_modules/express/lib/router/index.js:175:3)
    at router (/home/nakshatra/Desktop/NEECOP_ASSIGNMENT/Backend/node_modules/express/lib/router/index.js:47:12)
2025-01-10 16:15:00 info: User logged in successfully: 6780f56c4ee35c6cb8a4a2f9
2025-01-10 16:15:20 error: CustomError: Invalid authentication
    at authenticate (/home/nakshatra/Desktop/NEECOP_ASSIGNMENT/Backend/src/middlewares/auth.middleware.ts:21:13)
    at Layer.handle [as handle_request] (/home/nakshatra/Desktop/NEECOP_ASSIGNMENT/Backend/node_modules/express/lib/router/layer.js:95:5)
    at next (/home/nakshatra/Desktop/NEECOP_ASSIGNMENT/Backend/node_modules/express/lib/router/route.js:149:13)
    at Route.dispatch (/home/nakshatra/Desktop/NEECOP_ASSIGNMENT/Backend/node_modules/express/lib/router/route.js:119:3)
    at Layer.handle [as handle_request] (/home/nakshatra/Desktop/NEECOP_ASSIGNMENT/Backend/node_modules/express/lib/router/layer.js:95:5)
    at /home/nakshatra/Desktop/NEECOP_ASSIGNMENT/Backend/node_modules/express/lib/router/index.js:284:15
    at Function.process_params (/home/nakshatra/Desktop/NEECOP_ASSIGNMENT/Backend/node_modules/express/lib/router/index.js:346:12)
    at next (/home/nakshatra/Desktop/NEECOP_ASSIGNMENT/Backend/node_modules/express/lib/router/index.js:280:10)
    at Function.handle (/home/nakshatra/Desktop/NEECOP_ASSIGNMENT/Backend/node_modules/express/lib/router/index.js:175:3)
    at router (/home/nakshatra/Desktop/NEECOP_ASSIGNMENT/Backend/node_modules/express/lib/router/index.js:47:12)
2025-01-10 16:15:31 info: User logged in successfully: 6780f6aa4ee35c6cb8a4a302
2025-01-10 16:15:52 error: CustomError: Invalid authentication
    at authenticate (/home/nakshatra/Desktop/NEECOP_ASSIGNMENT/Backend/src/middlewares/auth.middleware.ts:21:13)
    at Layer.handle [as handle_request] (/home/nakshatra/Desktop/NEECOP_ASSIGNMENT/Backend/node_modules/express/lib/router/layer.js:95:5)
    at next (/home/nakshatra/Desktop/NEECOP_ASSIGNMENT/Backend/node_modules/express/lib/router/route.js:149:13)
    at Route.dispatch (/home/nakshatra/Desktop/NEECOP_ASSIGNMENT/Backend/node_modules/express/lib/router/route.js:119:3)
    at Layer.handle [as handle_request] (/home/nakshatra/Desktop/NEECOP_ASSIGNMENT/Backend/node_modules/express/lib/router/layer.js:95:5)
    at /home/nakshatra/Desktop/NEECOP_ASSIGNMENT/Backend/node_modules/express/lib/router/index.js:284:15
    at Function.process_params (/home/nakshatra/Desktop/NEECOP_ASSIGNMENT/Backend/node_modules/express/lib/router/index.js:346:12)
    at next (/home/nakshatra/Desktop/NEECOP_ASSIGNMENT/Backend/node_modules/express/lib/router/index.js:280:10)
    at Function.handle (/home/nakshatra/Desktop/NEECOP_ASSIGNMENT/Backend/node_modules/express/lib/router/index.js:175:3)
    at router (/home/nakshatra/Desktop/NEECOP_ASSIGNMENT/Backend/node_modules/express/lib/router/index.js:47:12)
2025-01-10 16:15:59 info: User logged in successfully: 6780f6aa4ee35c6cb8a4a302
2025-01-10 16:16:35 error: CustomError: Invalid authentication
    at authenticate (/home/nakshatra/Desktop/NEECOP_ASSIGNMENT/Backend/src/middlewares/auth.middleware.ts:21:13)
    at Layer.handle [as handle_request] (/home/nakshatra/Desktop/NEECOP_ASSIGNMENT/Backend/node_modules/express/lib/router/layer.js:95:5)
    at next (/home/nakshatra/Desktop/NEECOP_ASSIGNMENT/Backend/node_modules/express/lib/router/route.js:149:13)
    at Route.dispatch (/home/nakshatra/Desktop/NEECOP_ASSIGNMENT/Backend/node_modules/express/lib/router/route.js:119:3)
    at Layer.handle [as handle_request] (/home/nakshatra/Desktop/NEECOP_ASSIGNMENT/Backend/node_modules/express/lib/router/layer.js:95:5)
    at /home/nakshatra/Desktop/NEECOP_ASSIGNMENT/Backend/node_modules/express/lib/router/index.js:284:15
    at Function.process_params (/home/nakshatra/Desktop/NEECOP_ASSIGNMENT/Backend/node_modules/express/lib/router/index.js:346:12)
    at next (/home/nakshatra/Desktop/NEECOP_ASSIGNMENT/Backend/node_modules/express/lib/router/index.js:280:10)
    at Function.handle (/home/nakshatra/Desktop/NEECOP_ASSIGNMENT/Backend/node_modules/express/lib/router/index.js:175:3)
    at router (/home/nakshatra/Desktop/NEECOP_ASSIGNMENT/Backend/node_modules/express/lib/router/index.js:47:12)
2025-01-10 16:16:49 info: User logged in successfully: 6780f6aa4ee35c6cb8a4a302
2025-01-10 16:17:21 error: CustomError: Invalid authentication
    at authenticate (/home/nakshatra/Desktop/NEECOP_ASSIGNMENT/Backend/src/middlewares/auth.middleware.ts:21:13)
    at Layer.handle [as handle_request] (/home/nakshatra/Desktop/NEECOP_ASSIGNMENT/Backend/node_modules/express/lib/router/layer.js:95:5)
    at next (/home/nakshatra/Desktop/NEECOP_ASSIGNMENT/Backend/node_modules/express/lib/router/route.js:149:13)
    at Route.dispatch (/home/nakshatra/Desktop/NEECOP_ASSIGNMENT/Backend/node_modules/express/lib/router/route.js:119:3)
    at Layer.handle [as handle_request] (/home/nakshatra/Desktop/NEECOP_ASSIGNMENT/Backend/node_modules/express/lib/router/layer.js:95:5)
    at /home/nakshatra/Desktop/NEECOP_ASSIGNMENT/Backend/node_modules/express/lib/router/index.js:284:15
    at Function.process_params (/home/nakshatra/Desktop/NEECOP_ASSIGNMENT/Backend/node_modules/express/lib/router/index.js:346:12)
    at next (/home/nakshatra/Desktop/NEECOP_ASSIGNMENT/Backend/node_modules/express/lib/router/index.js:280:10)
    at Function.handle (/home/nakshatra/Desktop/NEECOP_ASSIGNMENT/Backend/node_modules/express/lib/router/index.js:175:3)
    at router (/home/nakshatra/Desktop/NEECOP_ASSIGNMENT/Backend/node_modules/express/lib/router/index.js:47:12)
2025-01-10 16:17:30 info: User logged in successfully: 6780f6aa4ee35c6cb8a4a302
2025-01-10 16:19:05 error: CustomError: Invalid authentication
    at authenticate (/home/nakshatra/Desktop/NEECOP_ASSIGNMENT/Backend/src/middlewares/auth.middleware.ts:21:13)
    at Layer.handle [as handle_request] (/home/nakshatra/Desktop/NEECOP_ASSIGNMENT/Backend/node_modules/express/lib/router/layer.js:95:5)
    at next (/home/nakshatra/Desktop/NEECOP_ASSIGNMENT/Backend/node_modules/express/lib/router/route.js:149:13)
    at Route.dispatch (/home/nakshatra/Desktop/NEECOP_ASSIGNMENT/Backend/node_modules/express/lib/router/route.js:119:3)
    at Layer.handle [as handle_request] (/home/nakshatra/Desktop/NEECOP_ASSIGNMENT/Backend/node_modules/express/lib/router/layer.js:95:5)
    at /home/nakshatra/Desktop/NEECOP_ASSIGNMENT/Backend/node_modules/express/lib/router/index.js:284:15
    at Function.process_params (/home/nakshatra/Desktop/NEECOP_ASSIGNMENT/Backend/node_modules/express/lib/router/index.js:346:12)
    at next (/home/nakshatra/Desktop/NEECOP_ASSIGNMENT/Backend/node_modules/express/lib/router/index.js:280:10)
    at Function.handle (/home/nakshatra/Desktop/NEECOP_ASSIGNMENT/Backend/node_modules/express/lib/router/index.js:175:3)
    at router (/home/nakshatra/Desktop/NEECOP_ASSIGNMENT/Backend/node_modules/express/lib/router/index.js:47:12)
2025-01-10 16:19:09 error: CustomError: Invalid authentication
    at authenticate (/home/nakshatra/Desktop/NEECOP_ASSIGNMENT/Backend/src/middlewares/auth.middleware.ts:21:13)
    at Layer.handle [as handle_request] (/home/nakshatra/Desktop/NEECOP_ASSIGNMENT/Backend/node_modules/express/lib/router/layer.js:95:5)
    at next (/home/nakshatra/Desktop/NEECOP_ASSIGNMENT/Backend/node_modules/express/lib/router/route.js:149:13)
    at Route.dispatch (/home/nakshatra/Desktop/NEECOP_ASSIGNMENT/Backend/node_modules/express/lib/router/route.js:119:3)
    at Layer.handle [as handle_request] (/home/nakshatra/Desktop/NEECOP_ASSIGNMENT/Backend/node_modules/express/lib/router/layer.js:95:5)
    at /home/nakshatra/Desktop/NEECOP_ASSIGNMENT/Backend/node_modules/express/lib/router/index.js:284:15
    at Function.process_params (/home/nakshatra/Desktop/NEECOP_ASSIGNMENT/Backend/node_modules/express/lib/router/index.js:346:12)
    at next (/home/nakshatra/Desktop/NEECOP_ASSIGNMENT/Backend/node_modules/express/lib/router/index.js:280:10)
    at Function.handle (/home/nakshatra/Desktop/NEECOP_ASSIGNMENT/Backend/node_modules/express/lib/router/index.js:175:3)
    at router (/home/nakshatra/Desktop/NEECOP_ASSIGNMENT/Backend/node_modules/express/lib/router/index.js:47:12)
2025-01-10 16:19:13 error: CustomError: Invalid authentication
    at authenticate (/home/nakshatra/Desktop/NEECOP_ASSIGNMENT/Backend/src/middlewares/auth.middleware.ts:21:13)
    at Layer.handle [as handle_request] (/home/nakshatra/Desktop/NEECOP_ASSIGNMENT/Backend/node_modules/express/lib/router/layer.js:95:5)
    at next (/home/nakshatra/Desktop/NEECOP_ASSIGNMENT/Backend/node_modules/express/lib/router/route.js:149:13)
    at Route.dispatch (/home/nakshatra/Desktop/NEECOP_ASSIGNMENT/Backend/node_modules/express/lib/router/route.js:119:3)
    at Layer.handle [as handle_request] (/home/nakshatra/Desktop/NEECOP_ASSIGNMENT/Backend/node_modules/express/lib/router/layer.js:95:5)
    at /home/nakshatra/Desktop/NEECOP_ASSIGNMENT/Backend/node_modules/express/lib/router/index.js:284:15
    at Function.process_params (/home/nakshatra/Desktop/NEECOP_ASSIGNMENT/Backend/node_modules/express/lib/router/index.js:346:12)
    at next (/home/nakshatra/Desktop/NEECOP_ASSIGNMENT/Backend/node_modules/express/lib/router/index.js:280:10)
    at Function.handle (/home/nakshatra/Desktop/NEECOP_ASSIGNMENT/Backend/node_modules/express/lib/router/index.js:175:3)
    at router (/home/nakshatra/Desktop/NEECOP_ASSIGNMENT/Backend/node_modules/express/lib/router/index.js:47:12)
2025-01-10 16:19:16 error: CustomError: Invalid authentication
    at authenticate (/home/nakshatra/Desktop/NEECOP_ASSIGNMENT/Backend/src/middlewares/auth.middleware.ts:21:13)
    at Layer.handle [as handle_request] (/home/nakshatra/Desktop/NEECOP_ASSIGNMENT/Backend/node_modules/express/lib/router/layer.js:95:5)
    at next (/home/nakshatra/Desktop/NEECOP_ASSIGNMENT/Backend/node_modules/express/lib/router/route.js:149:13)
    at Route.dispatch (/home/nakshatra/Desktop/NEECOP_ASSIGNMENT/Backend/node_modules/express/lib/router/route.js:119:3)
    at Layer.handle [as handle_request] (/home/nakshatra/Desktop/NEECOP_ASSIGNMENT/Backend/node_modules/express/lib/router/layer.js:95:5)
    at /home/nakshatra/Desktop/NEECOP_ASSIGNMENT/Backend/node_modules/express/lib/router/index.js:284:15
    at Function.process_params (/home/nakshatra/Desktop/NEECOP_ASSIGNMENT/Backend/node_modules/express/lib/router/index.js:346:12)
    at next (/home/nakshatra/Desktop/NEECOP_ASSIGNMENT/Backend/node_modules/express/lib/router/index.js:280:10)
    at Function.handle (/home/nakshatra/Desktop/NEECOP_ASSIGNMENT/Backend/node_modules/express/lib/router/index.js:175:3)
    at router (/home/nakshatra/Desktop/NEECOP_ASSIGNMENT/Backend/node_modules/express/lib/router/index.js:47:12)
2025-01-10 16:19:21 error: CustomError: Invalid authentication
    at authenticate (/home/nakshatra/Desktop/NEECOP_ASSIGNMENT/Backend/src/middlewares/auth.middleware.ts:21:13)
    at Layer.handle [as handle_request] (/home/nakshatra/Desktop/NEECOP_ASSIGNMENT/Backend/node_modules/express/lib/router/layer.js:95:5)
    at next (/home/nakshatra/Desktop/NEECOP_ASSIGNMENT/Backend/node_modules/express/lib/router/route.js:149:13)
    at Route.dispatch (/home/nakshatra/Desktop/NEECOP_ASSIGNMENT/Backend/node_modules/express/lib/router/route.js:119:3)
    at Layer.handle [as handle_request] (/home/nakshatra/Desktop/NEECOP_ASSIGNMENT/Backend/node_modules/express/lib/router/layer.js:95:5)
    at /home/nakshatra/Desktop/NEECOP_ASSIGNMENT/Backend/node_modules/express/lib/router/index.js:284:15
    at Function.process_params (/home/nakshatra/Desktop/NEECOP_ASSIGNMENT/Backend/node_modules/express/lib/router/index.js:346:12)
    at next (/home/nakshatra/Desktop/NEECOP_ASSIGNMENT/Backend/node_modules/express/lib/router/index.js:280:10)
    at Function.handle (/home/nakshatra/Desktop/NEECOP_ASSIGNMENT/Backend/node_modules/express/lib/router/index.js:175:3)
    at router (/home/nakshatra/Desktop/NEECOP_ASSIGNMENT/Backend/node_modules/express/lib/router/index.js:47:12)
2025-01-10 16:19:23 error: CustomError: Invalid authentication
    at authenticate (/home/nakshatra/Desktop/NEECOP_ASSIGNMENT/Backend/src/middlewares/auth.middleware.ts:21:13)
    at Layer.handle [as handle_request] (/home/nakshatra/Desktop/NEECOP_ASSIGNMENT/Backend/node_modules/express/lib/router/layer.js:95:5)
    at next (/home/nakshatra/Desktop/NEECOP_ASSIGNMENT/Backend/node_modules/express/lib/router/route.js:149:13)
    at Route.dispatch (/home/nakshatra/Desktop/NEECOP_ASSIGNMENT/Backend/node_modules/express/lib/router/route.js:119:3)
    at Layer.handle [as handle_request] (/home/nakshatra/Desktop/NEECOP_ASSIGNMENT/Backend/node_modules/express/lib/router/layer.js:95:5)
    at /home/nakshatra/Desktop/NEECOP_ASSIGNMENT/Backend/node_modules/express/lib/router/index.js:284:15
    at Function.process_params (/home/nakshatra/Desktop/NEECOP_ASSIGNMENT/Backend/node_modules/express/lib/router/index.js:346:12)
    at next (/home/nakshatra/Desktop/NEECOP_ASSIGNMENT/Backend/node_modules/express/lib/router/index.js:280:10)
    at Function.handle (/home/nakshatra/Desktop/NEECOP_ASSIGNMENT/Backend/node_modules/express/lib/router/index.js:175:3)
    at router (/home/nakshatra/Desktop/NEECOP_ASSIGNMENT/Backend/node_modules/express/lib/router/index.js:47:12)
2025-01-10 16:19:29 error: CustomError: Invalid authentication
    at authenticate (/home/nakshatra/Desktop/NEECOP_ASSIGNMENT/Backend/src/middlewares/auth.middleware.ts:21:13)
    at Layer.handle [as handle_request] (/home/nakshatra/Desktop/NEECOP_ASSIGNMENT/Backend/node_modules/express/lib/router/layer.js:95:5)
    at next (/home/nakshatra/Desktop/NEECOP_ASSIGNMENT/Backend/node_modules/express/lib/router/route.js:149:13)
    at Route.dispatch (/home/nakshatra/Desktop/NEECOP_ASSIGNMENT/Backend/node_modules/express/lib/router/route.js:119:3)
    at Layer.handle [as handle_request] (/home/nakshatra/Desktop/NEECOP_ASSIGNMENT/Backend/node_modules/express/lib/router/layer.js:95:5)
    at /home/nakshatra/Desktop/NEECOP_ASSIGNMENT/Backend/node_modules/express/lib/router/index.js:284:15
    at Function.process_params (/home/nakshatra/Desktop/NEECOP_ASSIGNMENT/Backend/node_modules/express/lib/router/index.js:346:12)
    at next (/home/nakshatra/Desktop/NEECOP_ASSIGNMENT/Backend/node_modules/express/lib/router/index.js:280:10)
    at Function.handle (/home/nakshatra/Desktop/NEECOP_ASSIGNMENT/Backend/node_modules/express/lib/router/index.js:175:3)
    at router (/home/nakshatra/Desktop/NEECOP_ASSIGNMENT/Backend/node_modules/express/lib/router/index.js:47:12)
2025-01-10 16:19:41 info: User logged in successfully: 6780f6aa4ee35c6cb8a4a302
2025-01-10 16:25:39 info: User logged in successfully: 6780f6aa4ee35c6cb8a4a302
2025-01-10 16:27:54 error: CustomError: Invalid authentication
    at authenticate (/home/nakshatra/Desktop/NEECOP_ASSIGNMENT/Backend/src/middlewares/auth.middleware.ts:21:13)
    at Layer.handle [as handle_request] (/home/nakshatra/Desktop/NEECOP_ASSIGNMENT/Backend/node_modules/express/lib/router/layer.js:95:5)
    at next (/home/nakshatra/Desktop/NEECOP_ASSIGNMENT/Backend/node_modules/express/lib/router/route.js:149:13)
    at Route.dispatch (/home/nakshatra/Desktop/NEECOP_ASSIGNMENT/Backend/node_modules/express/lib/router/route.js:119:3)
    at Layer.handle [as handle_request] (/home/nakshatra/Desktop/NEECOP_ASSIGNMENT/Backend/node_modules/express/lib/router/layer.js:95:5)
    at /home/nakshatra/Desktop/NEECOP_ASSIGNMENT/Backend/node_modules/express/lib/router/index.js:284:15
    at Function.process_params (/home/nakshatra/Desktop/NEECOP_ASSIGNMENT/Backend/node_modules/express/lib/router/index.js:346:12)
    at next (/home/nakshatra/Desktop/NEECOP_ASSIGNMENT/Backend/node_modules/express/lib/router/index.js:280:10)
    at Function.handle (/home/nakshatra/Desktop/NEECOP_ASSIGNMENT/Backend/node_modules/express/lib/router/index.js:175:3)
    at router (/home/nakshatra/Desktop/NEECOP_ASSIGNMENT/Backend/node_modules/express/lib/router/index.js:47:12)
2025-01-10 16:28:02 error: CustomError: Invalid authentication
    at authenticate (/home/nakshatra/Desktop/NEECOP_ASSIGNMENT/Backend/src/middlewares/auth.middleware.ts:21:13)
    at Layer.handle [as handle_request] (/home/nakshatra/Desktop/NEECOP_ASSIGNMENT/Backend/node_modules/express/lib/router/layer.js:95:5)
    at next (/home/nakshatra/Desktop/NEECOP_ASSIGNMENT/Backend/node_modules/express/lib/router/route.js:149:13)
    at Route.dispatch (/home/nakshatra/Desktop/NEECOP_ASSIGNMENT/Backend/node_modules/express/lib/router/route.js:119:3)
    at Layer.handle [as handle_request] (/home/nakshatra/Desktop/NEECOP_ASSIGNMENT/Backend/node_modules/express/lib/router/layer.js:95:5)
    at /home/nakshatra/Desktop/NEECOP_ASSIGNMENT/Backend/node_modules/express/lib/router/index.js:284:15
    at Function.process_params (/home/nakshatra/Desktop/NEECOP_ASSIGNMENT/Backend/node_modules/express/lib/router/index.js:346:12)
    at next (/home/nakshatra/Desktop/NEECOP_ASSIGNMENT/Backend/node_modules/express/lib/router/index.js:280:10)
    at Function.handle (/home/nakshatra/Desktop/NEECOP_ASSIGNMENT/Backend/node_modules/express/lib/router/index.js:175:3)
    at router (/home/nakshatra/Desktop/NEECOP_ASSIGNMENT/Backend/node_modules/express/lib/router/index.js:47:12)
2025-01-10 16:28:10 error: CustomError: Invalid authentication
    at authenticate (/home/nakshatra/Desktop/NEECOP_ASSIGNMENT/Backend/src/middlewares/auth.middleware.ts:21:13)
    at Layer.handle [as handle_request] (/home/nakshatra/Desktop/NEECOP_ASSIGNMENT/Backend/node_modules/express/lib/router/layer.js:95:5)
    at next (/home/nakshatra/Desktop/NEECOP_ASSIGNMENT/Backend/node_modules/express/lib/router/route.js:149:13)
    at Route.dispatch (/home/nakshatra/Desktop/NEECOP_ASSIGNMENT/Backend/node_modules/express/lib/router/route.js:119:3)
    at Layer.handle [as handle_request] (/home/nakshatra/Desktop/NEECOP_ASSIGNMENT/Backend/node_modules/express/lib/router/layer.js:95:5)
    at /home/nakshatra/Desktop/NEECOP_ASSIGNMENT/Backend/node_modules/express/lib/router/index.js:284:15
    at Function.process_params (/home/nakshatra/Desktop/NEECOP_ASSIGNMENT/Backend/node_modules/express/lib/router/index.js:346:12)
    at next (/home/nakshatra/Desktop/NEECOP_ASSIGNMENT/Backend/node_modules/express/lib/router/index.js:280:10)
    at Function.handle (/home/nakshatra/Desktop/NEECOP_ASSIGNMENT/Backend/node_modules/express/lib/router/index.js:175:3)
    at router (/home/nakshatra/Desktop/NEECOP_ASSIGNMENT/Backend/node_modules/express/lib/router/index.js:47:12)
2025-01-10 16:28:32 error: CustomError: Invalid authentication
    at authenticate (/home/nakshatra/Desktop/NEECOP_ASSIGNMENT/Backend/src/middlewares/auth.middleware.ts:21:13)
    at Layer.handle [as handle_request] (/home/nakshatra/Desktop/NEECOP_ASSIGNMENT/Backend/node_modules/express/lib/router/layer.js:95:5)
    at next (/home/nakshatra/Desktop/NEECOP_ASSIGNMENT/Backend/node_modules/express/lib/router/route.js:149:13)
    at Route.dispatch (/home/nakshatra/Desktop/NEECOP_ASSIGNMENT/Backend/node_modules/express/lib/router/route.js:119:3)
    at Layer.handle [as handle_request] (/home/nakshatra/Desktop/NEECOP_ASSIGNMENT/Backend/node_modules/express/lib/router/layer.js:95:5)
    at /home/nakshatra/Desktop/NEECOP_ASSIGNMENT/Backend/node_modules/express/lib/router/index.js:284:15
    at Function.process_params (/home/nakshatra/Desktop/NEECOP_ASSIGNMENT/Backend/node_modules/express/lib/router/index.js:346:12)
    at next (/home/nakshatra/Desktop/NEECOP_ASSIGNMENT/Backend/node_modules/express/lib/router/index.js:280:10)
    at Function.handle (/home/nakshatra/Desktop/NEECOP_ASSIGNMENT/Backend/node_modules/express/lib/router/index.js:175:3)
    at router (/home/nakshatra/Desktop/NEECOP_ASSIGNMENT/Backend/node_modules/express/lib/router/index.js:47:12)
2025-01-10 16:28:46 error: CustomError: Invalid authentication
    at authenticate (/home/nakshatra/Desktop/NEECOP_ASSIGNMENT/Backend/src/middlewares/auth.middleware.ts:21:13)
    at Layer.handle [as handle_request] (/home/nakshatra/Desktop/NEECOP_ASSIGNMENT/Backend/node_modules/express/lib/router/layer.js:95:5)
    at next (/home/nakshatra/Desktop/NEECOP_ASSIGNMENT/Backend/node_modules/express/lib/router/route.js:149:13)
    at Route.dispatch (/home/nakshatra/Desktop/NEECOP_ASSIGNMENT/Backend/node_modules/express/lib/router/route.js:119:3)
    at Layer.handle [as handle_request] (/home/nakshatra/Desktop/NEECOP_ASSIGNMENT/Backend/node_modules/express/lib/router/layer.js:95:5)
    at /home/nakshatra/Desktop/NEECOP_ASSIGNMENT/Backend/node_modules/express/lib/router/index.js:284:15
    at Function.process_params (/home/nakshatra/Desktop/NEECOP_ASSIGNMENT/Backend/node_modules/express/lib/router/index.js:346:12)
    at next (/home/nakshatra/Desktop/NEECOP_ASSIGNMENT/Backend/node_modules/express/lib/router/index.js:280:10)
    at Function.handle (/home/nakshatra/Desktop/NEECOP_ASSIGNMENT/Backend/node_modules/express/lib/router/index.js:175:3)
    at router (/home/nakshatra/Desktop/NEECOP_ASSIGNMENT/Backend/node_modules/express/lib/router/index.js:47:12)
2025-01-10 16:29:06 error: CustomError: Invalid authentication
    at authenticate (/home/nakshatra/Desktop/NEECOP_ASSIGNMENT/Backend/src/middlewares/auth.middleware.ts:21:13)
    at Layer.handle [as handle_request] (/home/nakshatra/Desktop/NEECOP_ASSIGNMENT/Backend/node_modules/express/lib/router/layer.js:95:5)
    at next (/home/nakshatra/Desktop/NEECOP_ASSIGNMENT/Backend/node_modules/express/lib/router/route.js:149:13)
    at Route.dispatch (/home/nakshatra/Desktop/NEECOP_ASSIGNMENT/Backend/node_modules/express/lib/router/route.js:119:3)
    at Layer.handle [as handle_request] (/home/nakshatra/Desktop/NEECOP_ASSIGNMENT/Backend/node_modules/express/lib/router/layer.js:95:5)
    at /home/nakshatra/Desktop/NEECOP_ASSIGNMENT/Backend/node_modules/express/lib/router/index.js:284:15
    at Function.process_params (/home/nakshatra/Desktop/NEECOP_ASSIGNMENT/Backend/node_modules/express/lib/router/index.js:346:12)
    at next (/home/nakshatra/Desktop/NEECOP_ASSIGNMENT/Backend/node_modules/express/lib/router/index.js:280:10)
    at Function.handle (/home/nakshatra/Desktop/NEECOP_ASSIGNMENT/Backend/node_modules/express/lib/router/index.js:175:3)
    at router (/home/nakshatra/Desktop/NEECOP_ASSIGNMENT/Backend/node_modules/express/lib/router/index.js:47:12)
2025-01-10 16:31:35 error: CustomError: Invalid authentication
    at authenticate (/home/nakshatra/Desktop/NEECOP_ASSIGNMENT/Backend/src/middlewares/auth.middleware.ts:21:13)
    at Layer.handle [as handle_request] (/home/nakshatra/Desktop/NEECOP_ASSIGNMENT/Backend/node_modules/express/lib/router/layer.js:95:5)
    at next (/home/nakshatra/Desktop/NEECOP_ASSIGNMENT/Backend/node_modules/express/lib/router/route.js:149:13)
    at Route.dispatch (/home/nakshatra/Desktop/NEECOP_ASSIGNMENT/Backend/node_modules/express/lib/router/route.js:119:3)
    at Layer.handle [as handle_request] (/home/nakshatra/Desktop/NEECOP_ASSIGNMENT/Backend/node_modules/express/lib/router/layer.js:95:5)
    at /home/nakshatra/Desktop/NEECOP_ASSIGNMENT/Backend/node_modules/express/lib/router/index.js:284:15
    at Function.process_params (/home/nakshatra/Desktop/NEECOP_ASSIGNMENT/Backend/node_modules/express/lib/router/index.js:346:12)
    at next (/home/nakshatra/Desktop/NEECOP_ASSIGNMENT/Backend/node_modules/express/lib/router/index.js:280:10)
    at Function.handle (/home/nakshatra/Desktop/NEECOP_ASSIGNMENT/Backend/node_modules/express/lib/router/index.js:175:3)
    at router (/home/nakshatra/Desktop/NEECOP_ASSIGNMENT/Backend/node_modules/express/lib/router/index.js:47:12)
